0 info it worked if it ends with ok
1 verbose cli [ '/usr/local/bin/node',
1 verbose cli   '/usr/local/bin/npm',
1 verbose cli   'install',
1 verbose cli   'express-message',
1 verbose cli   '--save' ]
2 info using npm@2.14.4
3 info using node@v4.1.2
4 verbose install initial load of /Users/ClaraChen/WebstormProjects/nodeauth/package.json
5 verbose installManyTop reading scoped package data from /Users/ClaraChen/WebstormProjects/nodeauth/node_modules/body-parser/package.json
6 verbose installManyTop reading scoped package data from /Users/ClaraChen/WebstormProjects/nodeauth/node_modules/connect-flash/package.json
7 verbose installManyTop reading scoped package data from /Users/ClaraChen/WebstormProjects/nodeauth/node_modules/cookie-parser/package.json
8 verbose installManyTop reading scoped package data from /Users/ClaraChen/WebstormProjects/nodeauth/node_modules/debug/package.json
9 verbose installManyTop reading scoped package data from /Users/ClaraChen/WebstormProjects/nodeauth/node_modules/ejs/package.json
10 verbose installManyTop reading scoped package data from /Users/ClaraChen/WebstormProjects/nodeauth/node_modules/express/package.json
11 verbose installManyTop reading scoped package data from /Users/ClaraChen/WebstormProjects/nodeauth/node_modules/express-messages/package.json
12 verbose installManyTop reading scoped package data from /Users/ClaraChen/WebstormProjects/nodeauth/node_modules/express-session/package.json
13 verbose installManyTop reading scoped package data from /Users/ClaraChen/WebstormProjects/nodeauth/node_modules/express-validator/package.json
14 verbose installManyTop reading scoped package data from /Users/ClaraChen/WebstormProjects/nodeauth/node_modules/mongodb/package.json
15 verbose installManyTop reading scoped package data from /Users/ClaraChen/WebstormProjects/nodeauth/node_modules/mongoose/package.json
16 verbose installManyTop reading scoped package data from /Users/ClaraChen/WebstormProjects/nodeauth/node_modules/morgan/package.json
17 verbose installManyTop reading scoped package data from /Users/ClaraChen/WebstormProjects/nodeauth/node_modules/multer/package.json
18 verbose installManyTop reading scoped package data from /Users/ClaraChen/WebstormProjects/nodeauth/node_modules/passport/package.json
19 verbose installManyTop reading scoped package data from /Users/ClaraChen/WebstormProjects/nodeauth/node_modules/passport-http/package.json
20 verbose installManyTop reading scoped package data from /Users/ClaraChen/WebstormProjects/nodeauth/node_modules/passport-local/package.json
21 verbose installManyTop reading scoped package data from /Users/ClaraChen/WebstormProjects/nodeauth/node_modules/serve-favicon/package.json
22 info package.json passport-local@1.0.0 No license field.
23 info package.json connect-flash@0.1.1 No license field.
24 info package.json express-messages@1.0.0 No license field.
25 info package.json passport-http@0.3.0 No license field.
26 verbose readDependencies loading dependencies from /Users/ClaraChen/WebstormProjects/nodeauth/package.json
27 silly cache add args [ 'express-message', null ]
28 verbose cache add spec express-message
29 silly cache add parsed spec Result {
29 silly cache add   raw: 'express-message',
29 silly cache add   scope: null,
29 silly cache add   name: 'express-message',
29 silly cache add   rawSpec: '',
29 silly cache add   spec: '*',
29 silly cache add   type: 'range' }
30 silly addNamed express-message@*
31 verbose addNamed "*" is a valid semver range for express-message
32 silly addNameRange { name: 'express-message', range: '*', hasData: false }
33 silly mapToRegistry name express-message
34 silly mapToRegistry using default registry
35 silly mapToRegistry registry https://registry.npmjs.org/
36 silly mapToRegistry uri https://registry.npmjs.org/express-message
37 verbose addNameRange registry:https://registry.npmjs.org/express-message not in flight; fetching
38 verbose request uri https://registry.npmjs.org/express-message
39 verbose request no auth needed
40 info attempt registry request try #1 at 11:02:43 PM
41 verbose request id 7c0035d399566883
42 http request GET https://registry.npmjs.org/express-message
43 http 404 https://registry.npmjs.org/express-message
44 verbose headers { 'content-type': 'application/json',
44 verbose headers   'cache-control': 'max-age=0',
44 verbose headers   'content-length': '2',
44 verbose headers   'accept-ranges': 'bytes',
44 verbose headers   date: 'Mon, 25 Jan 2016 07:02:43 GMT',
44 verbose headers   via: '1.1 varnish',
44 verbose headers   age: '0',
44 verbose headers   connection: 'keep-alive',
44 verbose headers   'x-served-by': 'cache-sjc3133-SJC',
44 verbose headers   'x-cache': 'MISS',
44 verbose headers   'x-cache-hits': '0',
44 verbose headers   'x-timer': 'S1453705363.221063,VS0,VE88' }
45 silly get cb [ 404,
45 silly get   { 'content-type': 'application/json',
45 silly get     'cache-control': 'max-age=0',
45 silly get     'content-length': '2',
45 silly get     'accept-ranges': 'bytes',
45 silly get     date: 'Mon, 25 Jan 2016 07:02:43 GMT',
45 silly get     via: '1.1 varnish',
45 silly get     age: '0',
45 silly get     connection: 'keep-alive',
45 silly get     'x-served-by': 'cache-sjc3133-SJC',
45 silly get     'x-cache': 'MISS',
45 silly get     'x-cache-hits': '0',
45 silly get     'x-timer': 'S1453705363.221063,VS0,VE88' } ]
46 verbose stack Error: Registry returned 404 for GET on https://registry.npmjs.org/express-message
46 verbose stack     at makeError (/usr/local/lib/node_modules/npm/node_modules/npm-registry-client/lib/request.js:263:12)
46 verbose stack     at CachingRegistryClient.<anonymous> (/usr/local/lib/node_modules/npm/node_modules/npm-registry-client/lib/request.js:241:14)
46 verbose stack     at Request._callback (/usr/local/lib/node_modules/npm/node_modules/npm-registry-client/lib/request.js:171:14)
46 verbose stack     at Request.self.callback (/usr/local/lib/node_modules/npm/node_modules/request/request.js:198:22)
46 verbose stack     at emitTwo (events.js:87:13)
46 verbose stack     at Request.emit (events.js:172:7)
46 verbose stack     at Request.<anonymous> (/usr/local/lib/node_modules/npm/node_modules/request/request.js:1073:14)
46 verbose stack     at emitOne (events.js:82:20)
46 verbose stack     at Request.emit (events.js:169:7)
46 verbose stack     at IncomingMessage.<anonymous> (/usr/local/lib/node_modules/npm/node_modules/request/request.js:1019:12)
47 verbose statusCode 404
48 verbose pkgid express-message
49 verbose cwd /Users/ClaraChen/WebstormProjects/nodeauth
50 error Darwin 15.2.0
51 error argv "/usr/local/bin/node" "/usr/local/bin/npm" "install" "express-message" "--save"
52 error node v4.1.2
53 error npm  v2.14.4
54 error code E404
55 error 404 Registry returned 404 for GET on https://registry.npmjs.org/express-message
55 error 404
55 error 404 'express-message' is not in the npm registry.
55 error 404 You should bug the author to publish it (or use the name yourself!)
55 error 404 It was specified as a dependency of 'nodeauth'
55 error 404
55 error 404 Note that you can also install from a
55 error 404 tarball, folder, http url, or git url.
56 verbose exit [ 1, true ]
